2024-01-15 14:35:45 - trading_bot - INFO - Limit order request - Symbol: ETHUSDT, Side: SELL, Quantity: 0.5, Price: 2300.50
2024-01-15 14:35:45 - trading_bot - DEBUG - Request: POST /fapi/v1/order with params: {'symbol': 'ETHUSDT', 'side': 'SELL', 'type': 'LIMIT', 'timeInForce': 'GTC', 'quantity': '0.5', 'price': '2300.50', 'timestamp': 1705325745000}
2024-01-15 14:35:45 - trading_bot - DEBUG - Response status: 200
2024-01-15 14:35:46 - trading_bot - DEBUG - Response body: {
  "orderId": 9876543210,
  "symbol": "ETHUSDT",
  "status": "NEW",
  "clientOrderId": "web_9876543210123",
  "price": "2300.50",
  "avgPrice": "0",
  "origQty": "0.5",
  "executedQty": "0",
  "cumQuote": "0",
  "timeInForce": "GTC",
  "type": "LIMIT",
  "reduceOnly": false,
  "side": "SELL",
  "positionSide": "LONG",
  "stopPrice": "0",
  "workingType": "CONTRACT_PRICE",
  "priceProtect": false,
  "origType": "LIMIT",
  "updateTime": 1705325746000
}
2024-01-15 14:35:46 - trading_bot - INFO - Placing LIMIT order: SELL 0.5 ETHUSDT @ 2300.50
2024-01-15 14:35:46 - trading_bot - INFO - Limit order placed successfully: {'orderId': 9876543210, 'symbol': 'ETHUSDT', 'status': 'NEW', 'executedQty': '0', 'price': '2300.50', 'origQty': '0.5'}
2024-01-15 14:35:47 - trading_bot - INFO - Limit order placed successfully - Order ID: 9876543210
